[debug] [2018-03-05T21:32:59.289Z] ----------------------------------------------------------------------
[debug] [2018-03-05T21:32:59.292Z] Command:       C:\Program Files\nodejs\node.exe C:\Users\Lucas\AppData\Roaming\npm\node_modules\firebase-tools\bin\firebase serve
[debug] [2018-03-05T21:32:59.292Z] CLI Version:   3.17.4
[debug] [2018-03-05T21:32:59.292Z] Platform:      win32
[debug] [2018-03-05T21:32:59.292Z] Node Version:  v9.5.0
[debug] [2018-03-05T21:32:59.293Z] Time:          Mon Mar 05 2018 22:32:59 GMT+0100 (Paris, Madrid)
[debug] [2018-03-05T21:32:59.293Z] ----------------------------------------------------------------------
[debug] 
[debug] [2018-03-05T21:32:59.305Z] > command requires scopes: ["email","openid","https://www.googleapis.com/auth/cloudplatformprojects.readonly","https://www.googleapis.com/auth/firebase","https://www.googleapis.com/auth/cloud-platform"]
[debug] [2018-03-05T21:32:59.306Z] > authorizing via signed-in user
[debug] [2018-03-05T21:32:59.309Z] >>> HTTP REQUEST GET https://admin.firebase.com/v1/projects/sentaku-io  
  
 Mon Mar 05 2018 22:32:59 GMT+0100 (Paris, Madrid)
[debug] [2018-03-05T21:33:00.034Z] <<< HTTP RESPONSE 200
[debug] [2018-03-05T21:33:00.035Z] >>> HTTP REQUEST GET https://admin.firebase.com/v1/database/sentaku-io/tokens  
  
 Mon Mar 05 2018 22:33:00 GMT+0100 (Paris, Madrid)
[debug] [2018-03-05T21:33:00.790Z] <<< HTTP RESPONSE 200
[info] 
[info] === Serving from 'C:\Users\Lucas\Desktop\M2S2\QSI\sentaku-io-front'...
[info] 
[debug] [2018-03-05T21:33:00.794Z] >>> HTTP REQUEST GET https://cloudresourcemanager.googleapis.com/v1/projects/sentaku-io  
  
 Mon Mar 05 2018 22:33:00 GMT+0100 (Paris, Madrid)
[debug] [2018-03-05T21:33:01.598Z] <<< HTTP RESPONSE 200
[debug] [2018-03-05T21:33:01.598Z] >>> HTTP REQUEST GET https://mobilesdk-pa.googleapis.com/v1/projects/202892223524/clients/_:getWebAppConfig  
  
 Mon Mar 05 2018 22:33:01 GMT+0100 (Paris, Madrid)
[debug] [2018-03-05T21:33:02.208Z] <<< HTTP RESPONSE 200
[info] i  hosting: Serving hosting files from: public
[info] +  hosting: Local server: http://localhost:5000

